<?xml version="1.0" encoding="UTF-8"?>
<!-- Generated by org.testng.reporters.JUnitXMLReporter -->
<testsuite ignored="0" hostname="DESKTOP-U63N6IR" failures="0" tests="2" name="Default test(failed)" time="0.447" errors="0" timestamp="2021-03-26T10:54:19 IST">
  <testcase classname="com.qa.base.TestBase" name="@BeforeClass SetUp" time="-1.616736258667E9">
    <failure type="org.testng.TestNGException" message="
Parameter &amp;apos;deviceName&amp;apos; is required by BeforeClass on method SetUp but has not been marked @Optional or defined
in D:\DNS\Automation\mymaven\test-output\Default suite\testng-failed.xml">
      <![CDATA[org.testng.TestNGException: 
Parameter 'deviceName' is required by BeforeClass on method SetUp but has not been marked @Optional or defined
in D:\DNS\Automation\mymaven\test-output\Default suite\testng-failed.xml
at java.base/java.util.ArrayList.forEach(ArrayList.java:1511)
... Removed 22 stack frames]]>
    </failure>
  </testcase> <!-- @BeforeClass SetUp -->
  <testcase classname="com.qa.app.App" name="@BeforeClass beforeClass" time="-1.616736258707E9">
    <skipped/>
  </testcase> <!-- @BeforeClass beforeClass -->
  <testcase classname="com.qa.app.App" name="@BeforeMethod beforeMethod" time="-1.616736258738E9">
    <skipped/>
  </testcase> <!-- @BeforeMethod beforeMethod -->
  <testcase classname="com.qa.app.App" name="@AfterMethod afterMethod" time="-1.616736258756E9">
    <skipped/>
  </testcase> <!-- @AfterMethod afterMethod -->
  <testcase classname="com.qa.app.App" name="@BeforeMethod beforeMethod" time="-1.616736258759E9">
    <skipped/>
  </testcase> <!-- @BeforeMethod beforeMethod -->
  <testcase classname="com.qa.app.App" name="@AfterMethod afterMethod" time="-1.616736258767E9">
    <skipped/>
  </testcase> <!-- @AfterMethod afterMethod -->
  <testcase classname="com.qa.app.App" name="@AfterClass afterClass" time="-1.616736258773E9">
    <skipped/>
  </testcase> <!-- @AfterClass afterClass -->
  <testcase classname="com.qa.app.App" name="login" time="0.0">
    <skipped/>
  </testcase> <!-- login -->
  <testcase classname="com.qa.app.App" name="logout" time="0.0">
    <skipped/>
  </testcase> <!-- logout -->
</testsuite> <!-- Default test(failed) -->
