<?xml version="1.0" encoding="UTF-8"?>
<!-- Generated by org.testng.reporters.JUnitXMLReporter -->
<testsuite hostname="BDNA-IN-ARVIND" ignored="0" name="Functional Testing 2" tests="1" failures="0" timestamp="13 May 2020 11:22:24 GMT" time="0.014" errors="0">
  <testcase name="@BeforeClass SetUp" time="0.0" classname="com.qa.base.TestBase">
    <failure type="org.testng.TestNGException" message="
Parameter &amp;apos;deviceName&amp;apos; is required by BeforeClass on method SetUp but has not been marked @Optional or defined
in E:\ratheesh\automation\work\core\src\main\resources\CRM.xml">
      <![CDATA[org.testng.TestNGException: 
Parameter 'deviceName' is required by BeforeClass on method SetUp but has not been marked @Optional or defined
in E:\ratheesh\automation\work\core\src\main\resources\CRM.xml
	at java.util.concurrent.ThreadPoolExecutor.runWorker(Unknown Source)
	at java.util.concurrent.ThreadPoolExecutor$Worker.run(Unknown Source)
	at java.lang.Thread.run(Unknown Source)
... Removed 7 stack frames]]>
    </failure>
  </testcase> <!-- @BeforeClass SetUp -->
  <testcase name="logout" time="0.0" classname="com.qa.testcases.BusinessCore">
    <skipped/>
  </testcase> <!-- logout -->
</testsuite> <!-- Functional Testing 2 -->
