<?xml version="1.0" encoding="UTF-8"?>
<!-- Generated by org.testng.reporters.JUnitXMLReporter -->
<testsuite hostname="DESKTOP-U63N6IR" ignored="0" name="Functional Testing" tests="6" failures="0" timestamp="2021-09-27T21:53:12 IST" time="43.725" errors="0">
  <testcase name="validateLoginButton" time="0.381" classname="com.qa.app.testLoginFeature"/>
  <testcase name="validateErrorMessage" time="1.642" classname="com.qa.app.testLoginFeature"/>
  <testcase name="login" time="4.727" classname="com.qa.app.testLoginFeature"/>
  <testcase name="validatenavigationToHomePage" time="0.052" classname="com.qa.app.testLoginFeature"/>
  <testcase name="logout" time="1.195" classname="com.qa.app.testLoginFeature"/>
  <testcase name="validateReturningTologinPage" time="0.013" classname="com.qa.app.testLoginFeature"/>
</testsuite> <!-- Functional Testing -->
