<?xml version="1.0" encoding="UTF-8"?>
<!-- Generated by org.testng.reporters.JUnitXMLReporter -->
<testsuite hostname="BDNA-IN-ARVIND" ignored="0" name="Sequential" tests="3" failures="0" timestamp="14 May 2020 04:49:29 GMT" time="0.027" errors="0">
  <testcase name="@BeforeClass SetUp" time="0.0" classname="com.qa.base.TestBase">
    <failure type="org.testng.TestNGException" message="
Parameter &amp;apos;deviceName&amp;apos; is required by BeforeClass on method SetUp but has not been marked @Optional or defined
in E:\ratheesh\automation\work\core\src\main\resources\crm_masters.xml">
      <![CDATA[org.testng.TestNGException: 
Parameter 'deviceName' is required by BeforeClass on method SetUp but has not been marked @Optional or defined
in E:\ratheesh\automation\work\core\src\main\resources\crm_masters.xml
... Removed 22 stack frames]]>
    </failure>
  </testcase> <!-- @BeforeClass SetUp -->
  <testcase name="log101" time="0.0" classname="iCRM.Lead">
    <skipped/>
  </testcase> <!-- log101 -->
  <testcase name="icare" time="0.0" classname="iCRM.Lead">
    <skipped/>
  </testcase> <!-- icare -->
  <testcase name="addlead" time="0.0" classname="iCRM.Lead">
    <skipped/>
  </testcase> <!-- addlead -->
</testsuite> <!-- Sequential -->
