<?xml version="1.0" encoding="UTF-8"?>
<testng-results skipped="0" failed="0" ignored="0" total="6" passed="6">
  <reporter-output>
  </reporter-output>
  <suite name="Test Automation Test Suite" duration-ms="43725" started-at="2021-09-27T21:52:28 IST" finished-at="2021-09-27T21:53:12 IST">
    <groups>
    </groups>
    <test name="Functional Testing" duration-ms="43725" started-at="2021-09-27T21:52:28 IST" finished-at="2021-09-27T21:53:12 IST">
      <class name="com.qa.app.testLoginFeature">
        <test-method status="PASS" signature="SetUp(java.lang.String, java.lang.String, java.lang.String, java.lang.String, java.lang.String, java.lang.String, java.lang.String, java.lang.String)[pri:0, instance:com.qa.app.testLoginFeature@6973b51b]" name="SetUp" is-config="true" duration-ms="35502" started-at="2021-09-27T21:52:28 IST" finished-at="2021-09-27T21:53:04 IST">
          <params>
            <param index="0">
              <value>
                <![CDATA[]]>
              </value>
            </param>
            <param index="1">
              <value>
                <![CDATA[]]>
              </value>
            </param>
            <param index="2">
              <value>
                <![CDATA[]]>
              </value>
            </param>
            <param index="3">
              <value>
                <![CDATA[]]>
              </value>
            </param>
            <param index="4">
              <value>
                <![CDATA[firefox]]>
              </value>
            </param>
            <param index="5">
              <value>
                <![CDATA[]]>
              </value>
            </param>
            <param index="6">
              <value>
                <![CDATA[]]>
              </value>
            </param>
            <param index="7">
              <value>
                <![CDATA[]]>
              </value>
            </param>
          </params>
          <reporter-output>
          </reporter-output>
        </test-method> <!-- SetUp -->
        <test-method status="PASS" signature="validateLoginButton()[pri:1, instance:com.qa.app.testLoginFeature@6973b51b]" name="validateLoginButton" duration-ms="381" started-at="2021-09-27T21:53:04 IST" finished-at="2021-09-27T21:53:04 IST">
          <reporter-output>
          </reporter-output>
        </test-method> <!-- validateLoginButton -->
        <test-method status="PASS" signature="validateErrorMessage()[pri:2, instance:com.qa.app.testLoginFeature@6973b51b]" name="validateErrorMessage" duration-ms="1642" started-at="2021-09-27T21:53:04 IST" finished-at="2021-09-27T21:53:06 IST">
          <reporter-output>
          </reporter-output>
        </test-method> <!-- validateErrorMessage -->
        <test-method status="PASS" signature="login()[pri:3, instance:com.qa.app.testLoginFeature@6973b51b]" name="login" duration-ms="4727" started-at="2021-09-27T21:53:06 IST" finished-at="2021-09-27T21:53:11 IST">
          <reporter-output>
          </reporter-output>
        </test-method> <!-- login -->
        <test-method status="PASS" signature="validatenavigationToHomePage()[pri:4, instance:com.qa.app.testLoginFeature@6973b51b]" name="validatenavigationToHomePage" duration-ms="52" started-at="2021-09-27T21:53:11 IST" finished-at="2021-09-27T21:53:11 IST">
          <reporter-output>
          </reporter-output>
        </test-method> <!-- validatenavigationToHomePage -->
        <test-method status="PASS" signature="logout()[pri:5, instance:com.qa.app.testLoginFeature@6973b51b]" name="logout" duration-ms="1195" started-at="2021-09-27T21:53:11 IST" finished-at="2021-09-27T21:53:12 IST">
          <reporter-output>
          </reporter-output>
        </test-method> <!-- logout -->
        <test-method status="PASS" signature="validateReturningTologinPage()[pri:6, instance:com.qa.app.testLoginFeature@6973b51b]" name="validateReturningTologinPage" duration-ms="13" started-at="2021-09-27T21:53:12 IST" finished-at="2021-09-27T21:53:12 IST">
          <reporter-output>
          </reporter-output>
        </test-method> <!-- validateReturningTologinPage -->
        <test-method status="PASS" signature="tearAfter()[pri:0, instance:com.qa.app.testLoginFeature@6973b51b]" name="tearAfter" is-config="true" duration-ms="3699" started-at="2021-09-27T21:53:12 IST" finished-at="2021-09-27T21:53:16 IST">
          <reporter-output>
          </reporter-output>
        </test-method> <!-- tearAfter -->
      </class> <!-- com.qa.app.testLoginFeature -->
    </test> <!-- Functional Testing -->
  </suite> <!-- Test Automation Test Suite -->
</testng-results>
